<?xml version="1.0" encoding="UTF-8"?>
<!-- Generated by org.testng.reporters.JUnitReportReporter -->
<testsuite hostname="LAPTOP-EHRHQ1VN" failures="0" tests="1" name="com.automation.tests.GoogleSearchTest" time="3.439" errors="0" timestamp="2025-02-20T18:16:49 PST" skipped="0">
  <testcase classname="com.automation.tests.GoogleSearchTest" name="testGoogleSearch" time="3.439"/>
  <system-out/>
</testsuite> <!-- com.automation.tests.GoogleSearchTest -->
